
Showing logs for build [32mcb-kubecd-environment-pr-186-2-52bk9-1[0m stage [32mfrom-build-pack[0m and container [32mstep-credential-initializer-6q9n7[0m
{"level":"warn","ts":1584724744.5498161,"logger":"fallback-logger","caller":"logging/config.go:69","msg":"Fetch GitHub commit ID from kodata failed: \"ref: refs/heads/0.8.0-**-support-backwards-incompats\" is not a valid GitHub commit ID"}
{"level":"info","ts":1584724744.5506086,"logger":"fallback-logger","caller":"creds-init/main.go:40","msg":"Credentials initialized."}

Showing logs for build [32mcb-kubecd-environment-pr-186-2-52bk9-1[0m stage [32mfrom-build-pack[0m and container [32mstep-working-dir-initializer-qjghb[0m
{"level":"warn","ts":1584724745.5276375,"logger":"fallback-logger","caller":"logging/config.go:69","msg":"Fetch GitHub commit ID from kodata failed: open /var/run/ko/HEAD: no such file or directory"}
{"level":"info","ts":1584724745.529064,"logger":"fallback-logger","caller":"bash/main.go:64","msg":"Successfully executed command \"sh -c mkdir -p /workspace/source\"; output "}

Showing logs for build [32mcb-kubecd-environment-pr-186-2-52bk9-1[0m stage [32mfrom-build-pack[0m and container [32mstep-place-tools[0m

Showing logs for build [32mcb-kubecd-environment-pr-186-2-52bk9-1[0m stage [32mfrom-build-pack[0m and container [32mstep-git-source-cb-kubecd-environment-pr-186-2-52bk9-vqklv[0m
{"level":"warn","ts":1584724748.6326056,"logger":"fallback-logger","caller":"logging/config.go:69","msg":"Fetch GitHub commit ID from kodata failed: \"ref: refs/heads/0.8.0-**-support-backwards-incompats\" is not a valid GitHub commit ID"}
{"level":"info","ts":1584724749.6659975,"logger":"fallback-logger","caller":"git/git.go:103","msg":"Successfully cloned https://github.com/cb-kubecd/environment-pr-186-2-boot-vault-gke-production.git @ master in path /workspace/source"}

Showing logs for build [32mcb-kubecd-environment-pr-186-2-52bk9-1[0m stage [32mfrom-build-pack[0m and container [32mstep-git-merge[0m
Using SHAs from PULL_REFS=master:2797c86d7646b68c41bf89f1e00b679ce0b75fcf,1:72873b8e426fe38eea54ef3f8a4a425d93d417f5
DEBUG: LC_ALL=C JX_LOG_LEVEL=error git fetch origin --unshallow 72873b8e426fe38eea54ef3f8a4a425d93d417f5: 2797c86d7646b68c41bf89f1e00b679ce0b75fcf:
DEBUG: ran git fetch --unshallow origin 72873b8e426fe38eea54ef3f8a4a425d93d417f5: 2797c86d7646b68c41bf89f1e00b679ce0b75fcf: in 
DEBUG: LC_ALL=C JX_LOG_LEVEL=error git branch
DEBUG: JX_LOG_LEVEL=error LC_ALL=C git checkout master
DEBUG: ran git checkout master in 
DEBUG: LC_ALL=C JX_LOG_LEVEL=error git reset --hard 2797c86d7646b68c41bf89f1e00b679ce0b75fcf
DEBUG: ran git reset --hard 2797c86d7646b68c41bf89f1e00b679ce0b75fcf in 
DEBUG: LC_ALL=C JX_LOG_LEVEL=error git clean -fd .
DEBUG: ran clean --force -d . in 
DEBUG: LC_ALL=C JX_LOG_LEVEL=error git merge 72873b8e426fe38eea54ef3f8a4a425d93d417f5
DEBUG: ran git merge 72873b8e426fe38eea54ef3f8a4a425d93d417f5 in 
DEBUG: LC_ALL=C JX_LOG_LEVEL=error git log --format=%H%x1f%an%x1f%ae%x1f%cn%x1f%ce%x1f%s%n%b%x1e 2797c86d7646b68c41bf89f1e00b679ce0b75fcf..HEAD
Merged SHA 72873b8e426fe38eea54ef3f8a4a425d93d417f5 with commit message 'chore: Promote bdd-spring-1584723221 to version 0.0.1' into base branch master

Showing logs for build [32mcb-kubecd-environment-pr-186-2-52bk9-1[0m stage [32mfrom-build-pack[0m and container [32mstep-build-helm-build[0m
WARNING: No $CHART_REPOSITORY defined so using the default value of: http://jenkins-x-chartmuseum:8080
Adding missing Helm repo: storage.googleapis.com https://storage.googleapis.com/chartmuseum.jenkins-x.io
WARNING: No secrets found on "helm/repos" due: reading the secret "helm/repos" from vault: no secret "helm/repos" not found in vault
Read credentials for https://storage.googleapis.com/chartmuseum.jenkins-x.io from vault helm/repos
Successfully added Helm repository storage.googleapis.com.
Adding missing Helm repo: jenkins-x-chartmuseum http://jenkins-x-chartmuseum:8080
WARNING: No secrets found on "helm/repos" due: reading the secret "helm/repos" from vault: no secret "helm/repos" not found in vault
Read credentials for http://jenkins-x-chartmuseum:8080 from vault helm/repos
Successfully added Helm repository jenkins-x-chartmuseum.
WARNING: No $CHART_REPOSITORY defined so using the default value of: http://jenkins-x-chartmuseum:8080
Adding missing Helm repo: chartmuseum.jenkins-x.io http://chartmuseum.jenkins-x.io
WARNING: No secrets found on "helm/repos" due: reading the secret "helm/repos" from vault: no secret "helm/repos" not found in vault
Read credentials for http://chartmuseum.jenkins-x.io from vault helm/repos
Successfully added Helm repository chartmuseum.jenkins-x.io.
